TN:
SF:src\models\Aeronave.ts
FN:8,Aeronave
FN:15,embarcarPassageiro
FN:23,desembarcarPassageiro
FN:31,embarcarCarga
FN:39,decolar
FN:43,pousar
FNF:6
FNH:6
FNDA:38,Aeronave
FNDA:3,embarcarPassageiro
FNDA:3,desembarcarPassageiro
FNDA:3,embarcarCarga
FNDA:7,decolar
FNDA:5,pousar
DA:1,1
DA:2,1
DA:3,1
DA:4,1
DA:5,1
DA:6,1
DA:7,1
DA:8,1
DA:9,38
DA:10,38
DA:11,38
DA:12,38
DA:13,38
DA:14,1
DA:15,1
DA:16,3
DA:17,1
DA:18,1
DA:19,2
DA:20,2
DA:21,2
DA:22,1
DA:23,1
DA:24,3
DA:25,1
DA:26,1
DA:27,2
DA:28,2
DA:29,2
DA:30,1
DA:31,1
DA:32,3
DA:33,1
DA:34,1
DA:35,2
DA:36,2
DA:37,2
DA:38,1
DA:39,1
DA:40,7
DA:41,7
DA:42,1
DA:43,1
DA:44,5
DA:45,5
DA:46,1
LF:46
LH:46
BRDA:8,0,0,38
BRDA:15,1,0,3
BRDA:16,2,0,1
BRDA:19,3,0,2
BRDA:23,4,0,3
BRDA:24,5,0,1
BRDA:27,6,0,2
BRDA:31,7,0,3
BRDA:32,8,0,1
BRDA:35,9,0,2
BRDA:39,10,0,7
BRDA:43,11,0,5
BRF:12
BRH:12
end_of_record
TN:
SF:src\models\Aeroporto.ts
FN:7,Aeroporto
FN:9,adicionarAeronave
FN:14,listarAeronaves
FN:18,buscarAeronavePorCodigo
FN:22,removerAeronave
FN:32,decolarAeronave
FN:45,decolarAeronaves
FN:61,registrarEvento
FN:65,obterHistorico
FNF:9
FNH:9
FNDA:15,Aeroporto
FNDA:12,adicionarAeronave
FNDA:7,listarAeronaves
FNDA:9,buscarAeronavePorCodigo
FNDA:7,removerAeronave
FNDA:5,decolarAeronave
FNDA:2,decolarAeronaves
FNDA:26,registrarEvento
FNDA:4,obterHistorico
DA:1,1
DA:2,1
DA:3,1
DA:4,1
DA:5,1
DA:6,1
DA:7,1
DA:8,1
DA:9,1
DA:10,12
DA:11,12
DA:12,12
DA:13,1
DA:14,1
DA:15,7
DA:16,7
DA:17,1
DA:18,1
DA:19,9
DA:20,9
DA:21,1
DA:22,1
DA:23,7
DA:24,7
DA:25,6
DA:26,6
DA:27,6
DA:28,6
DA:29,1
DA:30,1
DA:31,1
DA:32,1
DA:33,5
DA:34,5
DA:35,5
DA:36,1
DA:37,1
DA:38,4
DA:39,4
DA:40,4
DA:41,4
DA:42,4
DA:43,4
DA:44,1
DA:45,1
DA:46,2
DA:47,2
DA:48,2
DA:49,2
DA:50,2
DA:51,2
DA:52,2
DA:53,2
DA:54,0
DA:55,0
DA:56,2
DA:57,2
DA:58,2
DA:59,2
DA:60,1
DA:61,1
DA:62,26
DA:63,26
DA:64,1
DA:65,1
DA:66,4
DA:67,4
DA:68,1
LF:68
LH:66
BRDA:7,0,0,15
BRDA:9,1,0,12
BRDA:14,2,0,7
BRDA:18,3,0,9
BRDA:19,4,0,6
BRDA:22,5,0,7
BRDA:24,6,0,6
BRDA:29,7,0,1
BRDA:23,8,0,6
BRDA:32,9,0,5
BRDA:35,10,0,1
BRDA:38,11,0,4
BRDA:45,12,0,2
BRDA:49,13,0,2
BRDA:53,14,0,0
BRDA:61,15,0,26
BRDA:65,16,0,4
BRF:17
BRH:16
end_of_record
TN:
SF:src\services\ControleTraficoAereo.ts
FN:6,ControleTraficoAereo
FN:8,registrarAeroporto
FN:18,autorizarDecolagem
FN:35,autorizarPouso
FNF:4
FNH:4
FNDA:9,ControleTraficoAereo
FNDA:1,registrarAeroporto
FNDA:5,autorizarDecolagem
FNDA:5,autorizarPouso
DA:1,1
DA:2,1
DA:3,1
DA:4,1
DA:5,1
DA:6,1
DA:7,1
DA:8,1
DA:9,1
DA:10,1
DA:11,1
DA:12,1
DA:13,0
DA:14,0
DA:15,1
DA:16,1
DA:17,1
DA:18,1
DA:19,5
DA:20,5
DA:21,1
DA:22,1
DA:23,4
DA:24,4
DA:25,5
DA:26,2
DA:27,2
DA:28,2
DA:29,2
DA:30,2
DA:31,2
DA:32,2
DA:33,2
DA:34,1
DA:35,1
DA:36,5
DA:37,5
DA:38,1
DA:39,1
DA:40,4
DA:41,4
DA:42,4
DA:43,4
DA:44,4
DA:45,4
DA:46,1
LF:46
LH:44
BRDA:6,0,0,9
BRDA:8,1,0,1
BRDA:12,2,0,0
BRDA:18,3,0,5
BRDA:20,4,0,1
BRDA:23,5,0,4
BRDA:25,6,0,2
BRDA:19,7,0,5
BRDA:35,8,0,5
BRDA:37,9,0,4
BRDA:37,10,0,1
BRDA:36,11,0,5
BRF:12
BRH:11
end_of_record
