TN:
SF:src\models\Aeronave.ts
FN:8,Aeronave
FN:15,embarcarPassageiro
FN:23,desembarcarPassageiro
FN:31,embarcarCarga
FN:39,decolar
FN:43,pousar
FNF:6
FNH:6
FNDA:40,Aeronave
FNDA:3,embarcarPassageiro
FNDA:2,desembarcarPassageiro
FNDA:2,embarcarCarga
FNDA:5,decolar
FNDA:4,pousar
DA:1,1
DA:2,1
DA:3,1
DA:4,1
DA:5,1
DA:6,1
DA:7,1
DA:8,1
DA:9,40
DA:10,40
DA:11,40
DA:12,40
DA:13,40
DA:14,1
DA:15,1
DA:16,3
DA:17,1
DA:18,1
DA:19,2
DA:20,2
DA:21,2
DA:22,1
DA:23,1
DA:24,2
DA:25,1
DA:26,1
DA:27,1
DA:28,1
DA:29,1
DA:30,1
DA:31,1
DA:32,2
DA:33,1
DA:34,1
DA:35,1
DA:36,1
DA:37,1
DA:38,1
DA:39,1
DA:40,5
DA:41,5
DA:42,1
DA:43,1
DA:44,4
DA:45,4
DA:46,1
LF:46
LH:46
BRDA:8,0,0,40
BRDA:15,1,0,3
BRDA:16,2,0,1
BRDA:19,3,0,2
BRDA:23,4,0,2
BRDA:24,5,0,1
BRDA:31,6,0,2
BRDA:32,7,0,1
BRDA:39,8,0,5
BRDA:43,9,0,4
BRF:10
BRH:10
end_of_record
TN:
SF:src\models\Aeroporto.ts
FN:7,Aeroporto
FN:9,adicionarAeronave
FN:14,listarAeronaves
FN:18,buscarAeronavePorCodigo
FN:22,removerAeronave
FN:32,decolarAeronave
FN:45,decolarAeronaves
FN:61,registrarEvento
FN:65,obterHistorico
FNF:9
FNH:9
FNDA:16,Aeroporto
FNDA:14,adicionarAeronave
FNDA:7,listarAeronaves
FNDA:8,buscarAeronavePorCodigo
FNDA:6,removerAeronave
FNDA:5,decolarAeronave
FNDA:2,decolarAeronaves
FNDA:26,registrarEvento
FNDA:2,obterHistorico
DA:1,1
DA:2,1
DA:3,1
DA:4,1
DA:5,1
DA:6,1
DA:7,1
DA:8,1
DA:9,1
DA:10,14
DA:11,14
DA:12,14
DA:13,1
DA:14,1
DA:15,7
DA:16,7
DA:17,1
DA:18,1
DA:19,8
DA:20,8
DA:21,1
DA:22,1
DA:23,6
DA:24,6
DA:25,5
DA:26,5
DA:27,5
DA:28,5
DA:29,1
DA:30,1
DA:31,1
DA:32,1
DA:33,5
DA:34,5
DA:35,5
DA:36,1
DA:37,1
DA:38,4
DA:39,4
DA:40,4
DA:41,4
DA:42,4
DA:43,4
DA:44,1
DA:45,1
DA:46,2
DA:47,2
DA:48,2
DA:49,2
DA:50,2
DA:51,2
DA:52,2
DA:53,2
DA:54,0
DA:55,0
DA:56,2
DA:57,2
DA:58,2
DA:59,2
DA:60,1
DA:61,1
DA:62,26
DA:63,26
DA:64,1
DA:65,1
DA:66,2
DA:67,2
DA:68,1
LF:68
LH:66
BRDA:7,0,0,16
BRDA:9,1,0,14
BRDA:14,2,0,7
BRDA:18,3,0,8
BRDA:19,4,0,5
BRDA:22,5,0,6
BRDA:24,6,0,5
BRDA:29,7,0,1
BRDA:23,8,0,5
BRDA:32,9,0,5
BRDA:35,10,0,1
BRDA:38,11,0,4
BRDA:45,12,0,2
BRDA:49,13,0,2
BRDA:53,14,0,0
BRDA:61,15,0,26
BRDA:65,16,0,2
BRF:17
BRH:16
end_of_record
TN:
SF:src\services\ControleTraficoAereo.ts
FN:6,ControleTraficoAereo
FN:8,registrarAeroporto
FN:18,autorizarDecolagem
FN:35,autorizarPouso
FNF:4
FNH:4
FNDA:9,ControleTraficoAereo
FNDA:1,registrarAeroporto
FNDA:4,autorizarDecolagem
FNDA:5,autorizarPouso
DA:1,1
DA:2,1
DA:3,1
DA:4,1
DA:5,1
DA:6,1
DA:7,1
DA:8,1
DA:9,1
DA:10,1
DA:11,1
DA:12,1
DA:13,0
DA:14,0
DA:15,1
DA:16,1
DA:17,1
DA:18,1
DA:19,4
DA:20,4
DA:21,1
DA:22,1
DA:23,3
DA:24,3
DA:25,4
DA:26,2
DA:27,2
DA:28,1
DA:29,1
DA:30,1
DA:31,1
DA:32,1
DA:33,1
DA:34,1
DA:35,1
DA:36,5
DA:37,5
DA:38,1
DA:39,1
DA:40,4
DA:41,4
DA:42,4
DA:43,4
DA:44,4
DA:45,4
DA:46,1
LF:46
LH:44
BRDA:6,0,0,9
BRDA:8,1,0,1
BRDA:12,2,0,0
BRDA:18,3,0,4
BRDA:20,4,0,1
BRDA:23,5,0,3
BRDA:25,6,0,2
BRDA:28,7,0,1
BRDA:19,8,0,4
BRDA:35,9,0,5
BRDA:37,10,0,4
BRDA:37,11,0,1
BRDA:36,12,0,5
BRF:13
BRH:12
end_of_record
